<?xml version="1.0" encoding="UTF-8" ?>
<testsuite errors="0" failures="0" hostname="GN4ZRY1-PC" name="com.connectsdk.discovery.provider.SSDPTest" skipped="0" tests="1" time="2.629" timestamp="2014-12-01T20:26:45">
  <properties>
[...]
</properties>
  <testcase classname="com.connectsdk.discovery.provider.SSDPTest" name="testParseDatagram" time="2.568" />
  <system-out><![CDATA[]]></system-out>
  <system-err><![CDATA[WARNING: no system properties value for ro.build.date.utc
]]></system-err>
</testsuite>
